<?xml version="1.0" encoding="UTF-8"?>
<!-- Generated by org.testng.reporters.JUnitReportReporter -->
<testsuite skipped="0" hostname="LAPTOP-LNB1H88U" name="com.wbl.testcases.LoginPageTest" tests="2" failures="0" timestamp="2021-11-12T08:10:44 MST" time="10.828" errors="0">
  <testcase name="loginPageTitleTest" time="4.430" classname="com.wbl.testcases.LoginPageTest"/>
  <system-out/>
  <testcase name="LoginTest" time="6.398" classname="com.wbl.testcases.LoginPageTest"/>
  <system-out/>
</testsuite> <!-- com.wbl.testcases.LoginPageTest -->
