<?xml version="1.0" encoding="UTF-8"?>
<!-- Generated by org.testng.reporters.JUnitReportReporter -->
<testsuite skipped="0" hostname="LAPTOP-LNB1H88U" name="com.wbl.testcases.LoginPageTest" tests="2" failures="0" timestamp="2021-11-24T16:08:44 MST" time="10.442" errors="0">
  <testcase name="loginPageTitleTest" time="3.924" classname="com.wbl.testcases.LoginPageTest"/>
  <system-out/>
  <testcase name="LoginTest" time="6.518" classname="com.wbl.testcases.LoginPageTest"/>
  <system-out/>
</testsuite> <!-- com.wbl.testcases.LoginPageTest -->
