<?xml version="1.0" encoding="UTF-8"?>
<!-- Generated by org.testng.reporters.JUnitReportReporter -->
<testsuite skipped="0" hostname="LAPTOP-LNB1H88U" name="cucumberoptions.TestRunner" tests="1" failures="0" timestamp="2021-11-24T16:11:41 MST" time="22.903" errors="0">
  <testcase name="runScenario" time="22.903" classname="cucumberoptions.TestRunner"/>
  <system-out/>
</testsuite> <!-- cucumberoptions.TestRunner -->
