<?xml version="1.0" encoding="UTF-8"?>
<!-- Generated by org.testng.reporters.JUnitReportReporter -->
<testsuite skipped="0" hostname="LAPTOP-LNB1H88U" name="com.wbl.testcases.HomePageTest" tests="3" failures="0" timestamp="2021-10-05T16:23:59 MDT" time="41.215" errors="0">
  <testcase name="validateHomePageTitleTest" time="12.502" classname="com.wbl.testcases.HomePageTest"/>
  <system-out/>
  <testcase name="validateUserNameTest" time="13.942" classname="com.wbl.testcases.HomePageTest"/>
  <system-out/>
  <testcase name="clickOnContanctsTest" time="14.771" classname="com.wbl.testcases.HomePageTest"/>
  <system-out/>
</testsuite> <!-- com.wbl.testcases.HomePageTest -->
