<?xml version="1.0" encoding="UTF-8"?>
<!-- Generated by org.testng.reporters.JUnitReportReporter -->
<testsuite skipped="0" hostname="LAPTOP-LNB1H88U" name="com.wbl.testcases.HomePageTest" tests="3" failures="0" timestamp="2021-11-24T16:08:44 MST" time="49.384" errors="0">
  <testcase name="validateHomePageTitleTest" time="15.103" classname="com.wbl.testcases.HomePageTest"/>
  <system-out/>
  <testcase name="validateUserNameTest" time="19.314" classname="com.wbl.testcases.HomePageTest"/>
  <system-out/>
  <testcase name="clickOnContanctsTest" time="14.967" classname="com.wbl.testcases.HomePageTest"/>
  <system-out/>
</testsuite> <!-- com.wbl.testcases.HomePageTest -->
