<?xml version="1.0" encoding="UTF-8"?>
<!-- Generated by org.testng.reporters.JUnitReportReporter -->
<testsuite skipped="0" hostname="LAPTOP-LNB1H88U" name="com.wbl.testcases.HomePageTest" tests="3" failures="0" timestamp="2021-10-04T21:36:16 MDT" time="36.186" errors="0">
  <testcase name="validateHomePageTitleTest" time="6.953" classname="com.wbl.testcases.HomePageTest"/>
  <system-out/>
  <testcase name="validateUserNameTest" time="15.242" classname="com.wbl.testcases.HomePageTest"/>
  <system-out/>
  <testcase name="clickOnContanctsTest" time="13.991" classname="com.wbl.testcases.HomePageTest"/>
  <system-out/>
</testsuite> <!-- com.wbl.testcases.HomePageTest -->
