<?xml version="1.0" encoding="UTF-8"?>
<!-- Generated by org.testng.reporters.JUnitReportReporter -->
<testsuite skipped="0" hostname="LAPTOP-LNB1H88U" name="com.wbl.testcases.LoginPageTest" tests="2" failures="0" timestamp="2021-10-05T16:23:59 MDT" time="10.118" errors="0">
  <testcase name="loginPageTitleTest" time="3.772" classname="com.wbl.testcases.LoginPageTest"/>
  <system-out/>
  <testcase name="LoginTest" time="6.346" classname="com.wbl.testcases.LoginPageTest"/>
  <system-out/>
</testsuite> <!-- com.wbl.testcases.LoginPageTest -->
