<?xml version="1.0" encoding="UTF-8"?>
<!-- Generated by org.testng.reporters.JUnitReportReporter -->
<testsuite skipped="0" hostname="LAPTOP-LNB1H88U" name="com.wbl.testcases.HomePageTest" tests="3" failures="0" timestamp="2021-11-05T17:09:58 MDT" time="47.876" errors="0">
  <testcase name="validateHomePageTitleTest" time="16.288" classname="com.wbl.testcases.HomePageTest"/>
  <system-out/>
  <testcase name="validateUserNameTest" time="16.878" classname="com.wbl.testcases.HomePageTest"/>
  <system-out/>
  <testcase name="clickOnContanctsTest" time="14.710" classname="com.wbl.testcases.HomePageTest"/>
  <system-out/>
</testsuite> <!-- com.wbl.testcases.HomePageTest -->
