<?xml version="1.0" encoding="UTF-8"?>
<!-- Generated by org.testng.reporters.JUnitReportReporter -->
<testsuite skipped="0" hostname="LAPTOP-LNB1H88U" name="com.wbl.testcases.HomePageTest" tests="3" failures="0" timestamp="05 Oct 2021 03:25:25 GMT" time="39.740" errors="0">
  <testcase name="validateHomePageTitleTest" time="12.222" classname="com.wbl.testcases.HomePageTest"/>
  <testcase name="validateUserNameTest" time="13.764" classname="com.wbl.testcases.HomePageTest"/>
  <testcase name="clickOnContanctsTest" time="13.754" classname="com.wbl.testcases.HomePageTest"/>
</testsuite> <!-- com.wbl.testcases.HomePageTest -->
