<?xml version="1.0" encoding="UTF-8"?>
<!-- Generated by org.testng.reporters.JUnitReportReporter -->
<testsuite skipped="0" hostname="LAPTOP-LNB1H88U" name="cucumberoptions.TestRunner" tests="1" failures="0" timestamp="27 Oct 2021 05:49:13 GMT" time="26.135" errors="0">
  <testcase name="runScenario" time="26.135" classname="cucumberoptions.TestRunner"/>
</testsuite> <!-- cucumberoptions.TestRunner -->
