<?xml version="1.0" encoding="UTF-8"?>
<!-- Generated by org.testng.reporters.JUnitReportReporter -->
<testsuite skipped="0" hostname="LAPTOP-LNB1H88U" name="com.wbl.testcases.LoginPageTest" tests="2" failures="0" timestamp="05 Oct 2021 03:25:25 GMT" time="15.840" errors="0">
  <testcase name="loginPageTitleTest" time="4.237" classname="com.wbl.testcases.LoginPageTest"/>
  <testcase name="LoginTest" time="11.603" classname="com.wbl.testcases.LoginPageTest"/>
</testsuite> <!-- com.wbl.testcases.LoginPageTest -->
