<?xml version="1.0" encoding="UTF-8"?>
<!-- Generated by org.testng.reporters.JUnitReportReporter -->
<testsuite skipped="0" hostname="LAPTOP-LNB1H88U" name="com.wbl.testcases.LoginPageTest" tests="2" failures="0" timestamp="06 Oct 2021 06:34:17 GMT" time="18.464" errors="0">
  <testcase name="loginPageTitleTest" time="4.328" classname="com.wbl.testcases.LoginPageTest"/>
  <testcase name="LoginTest" time="14.136" classname="com.wbl.testcases.LoginPageTest"/>
</testsuite> <!-- com.wbl.testcases.LoginPageTest -->
