<?xml version="1.0" encoding="UTF-8"?>
<!-- Generated by org.testng.reporters.JUnitReportReporter -->
<testsuite skipped="0" hostname="LAPTOP-LNB1H88U" name="com.wbl.testcases.HomePageTest" tests="3" failures="0" timestamp="24 Nov 2021 23:17:33 GMT" time="41.093" errors="0">
  <testcase name="validateHomePageTitleTest" time="13.461" classname="com.wbl.testcases.HomePageTest"/>
  <testcase name="validateUserNameTest" time="13.140" classname="com.wbl.testcases.HomePageTest"/>
  <testcase name="clickOnContanctsTest" time="14.492" classname="com.wbl.testcases.HomePageTest"/>
</testsuite> <!-- com.wbl.testcases.HomePageTest -->
