<?xml version="1.0" encoding="UTF-8"?>
<!-- Generated by org.testng.reporters.JUnitReportReporter -->
<testsuite skipped="0" hostname="LAPTOP-LNB1H88U" name="com.wbl.testcases.HomePageTest" tests="3" failures="0" timestamp="06 Oct 2021 06:34:17 GMT" time="59.990" errors="0">
  <testcase name="validateHomePageTitleTest" time="19.247" classname="com.wbl.testcases.HomePageTest"/>
  <testcase name="validateUserNameTest" time="18.154" classname="com.wbl.testcases.HomePageTest"/>
  <testcase name="clickOnContanctsTest" time="22.589" classname="com.wbl.testcases.HomePageTest"/>
</testsuite> <!-- com.wbl.testcases.HomePageTest -->
