<?xml version="1.0" encoding="UTF-8"?>
<!-- Generated by org.testng.reporters.JUnitReportReporter -->
<testsuite skipped="0" hostname="LAPTOP-LNB1H88U" name="com.wbl.testcases.LoginPageTest" tests="2" failures="0" timestamp="24 Nov 2021 23:17:33 GMT" time="18.336" errors="0">
  <testcase name="loginPageTitleTest" time="4.232" classname="com.wbl.testcases.LoginPageTest"/>
  <testcase name="LoginTest" time="14.104" classname="com.wbl.testcases.LoginPageTest"/>
</testsuite> <!-- com.wbl.testcases.LoginPageTest -->
